<?xml version="1.0" encoding="UTF-8"?>
<!-- Generated by org.testng.reporters.JUnitReportReporter -->
<testsuite hostname="Lakhan" failures="0" tests="1" name="LoginTest.mBhaitestClass" time="9.770" errors="0" timestamp="2022-11-26T22:12:33 IST" skipped="0">
  <testcase classname="LoginTest.mBhaitestClass" name="login2App" time="9.770"/>
  <system-out/>
</testsuite> <!-- LoginTest.mBhaitestClass -->
